<?xml version="1.0" encoding="UTF-8"?>
<!-- Generated by org.testng.reporters.JUnitReportReporter -->
<testsuite skipped="0" hostname="Enlil-PC" name="com.buzzbuzzhome.testing.TestClass" tests="1" failures="0" timestamp="03 May 2018 14:33:28 GMT" time="9.459" errors="0">
  <testcase name="openBrowser" time="9.459" classname="com.buzzbuzzhome.testing.TestClass"/>
</testsuite> <!-- com.buzzbuzzhome.testing.TestClass -->
