<?xml version="1.0" encoding="UTF-8"?>
<!-- Generated by org.testng.reporters.JUnitReportReporter -->
<testsuite skipped="0" hostname="Enlil-PC" name="restassured.test.com.RestAssuredClass" tests="1" failures="0" timestamp="17 Oct 2018 16:15:33 GMT" time="2.549" errors="0">
  <testcase name="ApiTest" time="2.549" classname="restassured.test.com.RestAssuredClass"/>
</testsuite> <!-- restassured.test.com.RestAssuredClass -->
