<?xml version="1.0" encoding="UTF-8"?>
<!-- Generated by org.testng.reporters.JUnitReportReporter -->
<testsuite skipped="0" hostname="Enlil-PC" name="com.buzzbuzzhome.testing.JunitClass" tests="2" failures="0" timestamp="03 May 2018 16:15:12 GMT" time="44.379" errors="0">
  <testcase name="openBrowser" time="32.194" classname="com.buzzbuzzhome.testing.JunitClass"/>
  <testcase name="AgentAdvertising" time="12.185" classname="com.buzzbuzzhome.testing.JunitClass"/>
</testsuite> <!-- com.buzzbuzzhome.testing.JunitClass -->
