<?xml version="1.0" encoding="UTF-8"?>
<!-- Generated by org.testng.reporters.JUnitReportReporter -->
<testsuite skipped="1" hostname="Enlil-PC" name="test.java.BuzzproAdvertisingTest" tests="1" failures="0" timestamp="24 Aug 2018 20:26:23 GMT" time="0.000" errors="0">
  <testcase name="testBuzzProApplication" time="0.000" classname="test.java.BuzzproAdvertisingTest">
    <skipped/>
  </testcase> <!-- testBuzzProApplication -->
</testsuite> <!-- test.java.BuzzproAdvertisingTest -->
