<?xml version="1.0" encoding="UTF-8"?>
<!-- Generated by org.testng.reporters.JUnitReportReporter -->
<testsuite skipped="0" hostname="Enlil-PC" name="com.buzzbuzzhome.testing.AddDevelopement" tests="1" failures="0" timestamp="28 May 2018 15:49:01 GMT" time="36.302" errors="0">
  <testcase name="addNewDevelopment" time="36.302" classname="com.buzzbuzzhome.testing.AddDevelopement"/>
</testsuite> <!-- com.buzzbuzzhome.testing.AddDevelopement -->
