<?xml version="1.0" encoding="UTF-8"?>
<!-- Generated by org.testng.reporters.JUnitReportReporter -->
<testsuite skipped="0" hostname="Enlil-PC" name="test.java.ArquillianTest" tests="1" failures="0" timestamp="21 Jun 2018 16:11:07 GMT" time="18.023" errors="0">
  <testcase name="login" time="18.023" classname="test.java.ArquillianTest"/>
</testsuite> <!-- test.java.ArquillianTest -->
